[2018-12-22 13:52:12,147][14][ERROR][System.Web.Mvc.ExceptionContext:77] - System.NullReferenceException: 未将对象引用设置到对象的实例。
   在 BLL.TeamBll.TeamsGroup(String teamids, String optLines, String optLine) 位置 e:\pang\match\match\BLL\TeamBll.cs:行号 96
   在 Web.Areas.Main.Controllers.TeamController.Group(String teamids, String lineid, String linesid) 位置 e:\pang\match\match\Web\Areas\Main\Controllers\TeamController.cs:行号 205
   在 lambda_method(Closure , ControllerBase , Object[] )
   在 System.Web.Mvc.ActionMethodDispatcher.Execute(ControllerBase controller, Object[] parameters)
   在 System.Web.Mvc.ReflectedActionDescriptor.Execute(ControllerContext controllerContext, IDictionary`2 parameters)
   在 System.Web.Mvc.ControllerActionInvoker.InvokeActionMethod(ControllerContext controllerContext, ActionDescriptor actionDescriptor, IDictionary`2 parameters)
   在 System.Web.Mvc.Async.AsyncControllerActionInvoker.<>c__DisplayClass42.<BeginInvokeSynchronousActionMethod>b__41()
   在 System.Web.Mvc.Async.AsyncResultWrapper.<>c__DisplayClass8`1.<BeginSynchronous>b__7(IAsyncResult _)
   在 System.Web.Mvc.Async.AsyncResultWrapper.WrappedAsyncResult`1.End()
   在 System.Web.Mvc.Async.AsyncControllerActionInvoker.EndInvokeActionMethod(IAsyncResult asyncResult)
   在 System.Web.Mvc.Async.AsyncControllerActionInvoker.<>c__DisplayClass37.<>c__DisplayClass39.<BeginInvokeActionMethodWithFilters>b__33()
   在 System.Web.Mvc.Async.AsyncControllerActionInvoker.<>c__DisplayClass4f.<InvokeActionMethodFilterAsynchronously>b__49()
   在 System.Web.Mvc.Async.AsyncControllerActionInvoker.<>c__DisplayClass37.<BeginInvokeActionMethodWithFilters>b__36(IAsyncResult asyncResult)
   在 System.Web.Mvc.Async.AsyncResultWrapper.WrappedAsyncResult`1.End()
   在 System.Web.Mvc.Async.AsyncControllerActionInvoker.EndInvokeActionMethodWithFilters(IAsyncResult asyncResult)
   在 System.Web.Mvc.Async.AsyncControllerActionInvoker.<>c__DisplayClass25.<>c__DisplayClass2a.<BeginInvokeAction>b__20()
   在 System.Web.Mvc.Async.AsyncControllerActionInvoker.<>c__DisplayClass25.<BeginInvokeAction>b__22(IAsyncResult asyncResult)
[2018-12-22 14:24:41,929][12][ERROR][System.Web.Mvc.ExceptionContext:77] - System.InvalidOperationException: 传入字典的模型项的类型为“System.Collections.Generic.List`1[Model.tblteamsGroupVew]”，但此字典需要类型“Utls.PagedList`1[Model.tblteamsGroupVew]”的模型项。
   在 System.Web.Mvc.ViewDataDictionary`1.SetModel(Object value)
   在 System.Web.Mvc.ViewDataDictionary..ctor(ViewDataDictionary dictionary)
   在 System.Web.Mvc.WebViewPage`1.SetViewData(ViewDataDictionary viewData)
   在 System.Web.Mvc.RazorView.RenderView(ViewContext viewContext, TextWriter writer, Object instance)
   在 System.Web.Mvc.BuildManagerCompiledView.Render(ViewContext viewContext, TextWriter writer)
   在 System.Web.Mvc.ViewResultBase.ExecuteResult(ControllerContext context)
   在 System.Web.Mvc.ControllerActionInvoker.InvokeActionResult(ControllerContext controllerContext, ActionResult actionResult)
   在 System.Web.Mvc.ControllerActionInvoker.<>c__DisplayClass1a.<InvokeActionResultWithFilters>b__17()
   在 System.Web.Mvc.ControllerActionInvoker.InvokeActionResultFilter(IResultFilter filter, ResultExecutingContext preContext, Func`1 continuation)
   在 System.Web.Mvc.ControllerActionInvoker.<>c__DisplayClass1a.<>c__DisplayClass1c.<InvokeActionResultWithFilters>b__19()
   在 System.Web.Mvc.ControllerActionInvoker.InvokeActionResultWithFilters(ControllerContext controllerContext, IList`1 filters, ActionResult actionResult)
   在 System.Web.Mvc.Async.AsyncControllerActionInvoker.<>c__DisplayClass25.<>c__DisplayClass2a.<BeginInvokeAction>b__20()
   在 System.Web.Mvc.Async.AsyncControllerActionInvoker.<>c__DisplayClass25.<BeginInvokeAction>b__22(IAsyncResult asyncResult)
[2018-12-22 14:26:53,140][12][ERROR][System.Web.Mvc.ExceptionContext:77] - System.InvalidOperationException: 传入字典的模型项的类型为“System.Collections.Generic.List`1[Model.tblteamsGroupVew]”，但此字典需要类型“Utls.PagedList`1[Model.tblteamsGroupVew]”的模型项。
   在 System.Web.Mvc.ViewDataDictionary`1.SetModel(Object value)
   在 System.Web.Mvc.ViewDataDictionary..ctor(ViewDataDictionary dictionary)
   在 System.Web.Mvc.WebViewPage`1.SetViewData(ViewDataDictionary viewData)
   在 System.Web.Mvc.RazorView.RenderView(ViewContext viewContext, TextWriter writer, Object instance)
   在 System.Web.Mvc.BuildManagerCompiledView.Render(ViewContext viewContext, TextWriter writer)
   在 System.Web.Mvc.ViewResultBase.ExecuteResult(ControllerContext context)
   在 System.Web.Mvc.ControllerActionInvoker.InvokeActionResult(ControllerContext controllerContext, ActionResult actionResult)
   在 System.Web.Mvc.ControllerActionInvoker.<>c__DisplayClass1a.<InvokeActionResultWithFilters>b__17()
   在 System.Web.Mvc.ControllerActionInvoker.InvokeActionResultFilter(IResultFilter filter, ResultExecutingContext preContext, Func`1 continuation)
   在 System.Web.Mvc.ControllerActionInvoker.<>c__DisplayClass1a.<>c__DisplayClass1c.<InvokeActionResultWithFilters>b__19()
   在 System.Web.Mvc.ControllerActionInvoker.InvokeActionResultWithFilters(ControllerContext controllerContext, IList`1 filters, ActionResult actionResult)
   在 System.Web.Mvc.Async.AsyncControllerActionInvoker.<>c__DisplayClass25.<>c__DisplayClass2a.<BeginInvokeAction>b__20()
   在 System.Web.Mvc.Async.AsyncControllerActionInvoker.<>c__DisplayClass25.<BeginInvokeAction>b__22(IAsyncResult asyncResult)
[2018-12-22 17:47:13,768][16][ERROR][System.Web.Mvc.ExceptionContext:77] - System.ArgumentException: 无效的 JSON 基元: model。
   在 System.Web.Script.Serialization.JavaScriptObjectDeserializer.DeserializePrimitiveObject()
   在 System.Web.Script.Serialization.JavaScriptObjectDeserializer.DeserializeInternal(Int32 depth)
   在 System.Web.Script.Serialization.JavaScriptObjectDeserializer.BasicDeserialize(String input, Int32 depthLimit, JavaScriptSerializer serializer)
   在 System.Web.Script.Serialization.JavaScriptSerializer.Deserialize(JavaScriptSerializer serializer, String input, Type type, Int32 depthLimit)
   在 System.Web.Script.Serialization.JavaScriptSerializer.DeserializeObject(String input)
   在 System.Web.Mvc.JsonValueProviderFactory.GetDeserializedObject(ControllerContext controllerContext)
   在 System.Web.Mvc.JsonValueProviderFactory.GetValueProvider(ControllerContext controllerContext)
   在 System.Web.Mvc.ValueProviderFactoryCollection.<>c__DisplayClassc.<GetValueProvider>b__7(ValueProviderFactory factory)
   在 System.Linq.Enumerable.WhereSelectEnumerableIterator`2.MoveNext()
   在 System.Linq.Enumerable.WhereSelectEnumerableIterator`2.MoveNext()
   在 System.Collections.Generic.List`1..ctor(IEnumerable`1 collection)
   在 System.Linq.Enumerable.ToList[TSource](IEnumerable`1 source)
   在 System.Web.Mvc.ValueProviderFactoryCollection.GetValueProvider(ControllerContext controllerContext)
   在 System.Web.Mvc.ControllerBase.get_ValueProvider()
   在 System.Web.Mvc.ControllerActionInvoker.GetParameterValue(ControllerContext controllerContext, ParameterDescriptor parameterDescriptor)
   在 System.Web.Mvc.ControllerActionInvoker.GetParameterValues(ControllerContext controllerContext, ActionDescriptor actionDescriptor)
   在 System.Web.Mvc.Async.AsyncControllerActionInvoker.<>c__DisplayClass25.<BeginInvokeAction>b__1e(AsyncCallback asyncCallback, Object asyncState)
[2018-12-22 17:51:32,286][12][ERROR][System.Web.Mvc.ExceptionContext:77] - System.ArgumentException: 无效的 JSON 基元: model。
   在 System.Web.Script.Serialization.JavaScriptObjectDeserializer.DeserializePrimitiveObject()
   在 System.Web.Script.Serialization.JavaScriptObjectDeserializer.DeserializeInternal(Int32 depth)
   在 System.Web.Script.Serialization.JavaScriptObjectDeserializer.BasicDeserialize(String input, Int32 depthLimit, JavaScriptSerializer serializer)
   在 System.Web.Script.Serialization.JavaScriptSerializer.Deserialize(JavaScriptSerializer serializer, String input, Type type, Int32 depthLimit)
   在 System.Web.Script.Serialization.JavaScriptSerializer.DeserializeObject(String input)
   在 System.Web.Mvc.JsonValueProviderFactory.GetDeserializedObject(ControllerContext controllerContext)
   在 System.Web.Mvc.JsonValueProviderFactory.GetValueProvider(ControllerContext controllerContext)
   在 System.Web.Mvc.ValueProviderFactoryCollection.<>c__DisplayClassc.<GetValueProvider>b__7(ValueProviderFactory factory)
   在 System.Linq.Enumerable.WhereSelectEnumerableIterator`2.MoveNext()
   在 System.Linq.Enumerable.WhereSelectEnumerableIterator`2.MoveNext()
   在 System.Collections.Generic.List`1..ctor(IEnumerable`1 collection)
   在 System.Linq.Enumerable.ToList[TSource](IEnumerable`1 source)
   在 System.Web.Mvc.ValueProviderFactoryCollection.GetValueProvider(ControllerContext controllerContext)
   在 System.Web.Mvc.ControllerBase.get_ValueProvider()
   在 System.Web.Mvc.ControllerActionInvoker.GetParameterValue(ControllerContext controllerContext, ParameterDescriptor parameterDescriptor)
   在 System.Web.Mvc.ControllerActionInvoker.GetParameterValues(ControllerContext controllerContext, ActionDescriptor actionDescriptor)
   在 System.Web.Mvc.Async.AsyncControllerActionInvoker.<>c__DisplayClass25.<BeginInvokeAction>b__1e(AsyncCallback asyncCallback, Object asyncState)
[2018-12-22 17:55:11,140][9][ERROR][System.Web.Mvc.ExceptionContext:77] - System.ArgumentException: 无效的 JSON 基元: model。
   在 System.Web.Script.Serialization.JavaScriptObjectDeserializer.DeserializePrimitiveObject()
   在 System.Web.Script.Serialization.JavaScriptObjectDeserializer.DeserializeInternal(Int32 depth)
   在 System.Web.Script.Serialization.JavaScriptObjectDeserializer.BasicDeserialize(String input, Int32 depthLimit, JavaScriptSerializer serializer)
   在 System.Web.Script.Serialization.JavaScriptSerializer.Deserialize(JavaScriptSerializer serializer, String input, Type type, Int32 depthLimit)
   在 System.Web.Script.Serialization.JavaScriptSerializer.DeserializeObject(String input)
   在 System.Web.Mvc.JsonValueProviderFactory.GetDeserializedObject(ControllerContext controllerContext)
   在 System.Web.Mvc.JsonValueProviderFactory.GetValueProvider(ControllerContext controllerContext)
   在 System.Web.Mvc.ValueProviderFactoryCollection.<>c__DisplayClassc.<GetValueProvider>b__7(ValueProviderFactory factory)
   在 System.Linq.Enumerable.WhereSelectEnumerableIterator`2.MoveNext()
   在 System.Linq.Enumerable.WhereSelectEnumerableIterator`2.MoveNext()
   在 System.Collections.Generic.List`1..ctor(IEnumerable`1 collection)
   在 System.Linq.Enumerable.ToList[TSource](IEnumerable`1 source)
   在 System.Web.Mvc.ValueProviderFactoryCollection.GetValueProvider(ControllerContext controllerContext)
   在 System.Web.Mvc.ControllerBase.get_ValueProvider()
   在 System.Web.Mvc.ControllerActionInvoker.GetParameterValue(ControllerContext controllerContext, ParameterDescriptor parameterDescriptor)
   在 System.Web.Mvc.ControllerActionInvoker.GetParameterValues(ControllerContext controllerContext, ActionDescriptor actionDescriptor)
   在 System.Web.Mvc.Async.AsyncControllerActionInvoker.<>c__DisplayClass25.<BeginInvokeAction>b__1e(AsyncCallback asyncCallback, Object asyncState)
[2018-12-22 18:01:15,821][7][ERROR][System.Web.Mvc.ExceptionContext:77] - System.ArgumentException: 无效的 JSON 基元: model。
   在 System.Web.Script.Serialization.JavaScriptObjectDeserializer.DeserializePrimitiveObject()
   在 System.Web.Script.Serialization.JavaScriptObjectDeserializer.DeserializeInternal(Int32 depth)
   在 System.Web.Script.Serialization.JavaScriptObjectDeserializer.BasicDeserialize(String input, Int32 depthLimit, JavaScriptSerializer serializer)
   在 System.Web.Script.Serialization.JavaScriptSerializer.Deserialize(JavaScriptSerializer serializer, String input, Type type, Int32 depthLimit)
   在 System.Web.Script.Serialization.JavaScriptSerializer.DeserializeObject(String input)
   在 System.Web.Mvc.JsonValueProviderFactory.GetDeserializedObject(ControllerContext controllerContext)
   在 System.Web.Mvc.JsonValueProviderFactory.GetValueProvider(ControllerContext controllerContext)
   在 System.Web.Mvc.ValueProviderFactoryCollection.<>c__DisplayClassc.<GetValueProvider>b__7(ValueProviderFactory factory)
   在 System.Linq.Enumerable.WhereSelectEnumerableIterator`2.MoveNext()
   在 System.Linq.Enumerable.WhereSelectEnumerableIterator`2.MoveNext()
   在 System.Collections.Generic.List`1..ctor(IEnumerable`1 collection)
   在 System.Linq.Enumerable.ToList[TSource](IEnumerable`1 source)
   在 System.Web.Mvc.ValueProviderFactoryCollection.GetValueProvider(ControllerContext controllerContext)
   在 System.Web.Mvc.ControllerBase.get_ValueProvider()
   在 System.Web.Mvc.ControllerActionInvoker.GetParameterValue(ControllerContext controllerContext, ParameterDescriptor parameterDescriptor)
   在 System.Web.Mvc.ControllerActionInvoker.GetParameterValues(ControllerContext controllerContext, ActionDescriptor actionDescriptor)
   在 System.Web.Mvc.Async.AsyncControllerActionInvoker.<>c__DisplayClass25.<BeginInvokeAction>b__1e(AsyncCallback asyncCallback, Object asyncState)
[2018-12-22 18:05:37,901][7][ERROR][System.Web.Mvc.ExceptionContext:77] - System.ArgumentException: 无效的 JSON 基元: model。
   在 System.Web.Script.Serialization.JavaScriptObjectDeserializer.DeserializePrimitiveObject()
   在 System.Web.Script.Serialization.JavaScriptObjectDeserializer.DeserializeInternal(Int32 depth)
   在 System.Web.Script.Serialization.JavaScriptObjectDeserializer.BasicDeserialize(String input, Int32 depthLimit, JavaScriptSerializer serializer)
   在 System.Web.Script.Serialization.JavaScriptSerializer.Deserialize(JavaScriptSerializer serializer, String input, Type type, Int32 depthLimit)
   在 System.Web.Script.Serialization.JavaScriptSerializer.DeserializeObject(String input)
   在 System.Web.Mvc.JsonValueProviderFactory.GetDeserializedObject(ControllerContext controllerContext)
   在 System.Web.Mvc.JsonValueProviderFactory.GetValueProvider(ControllerContext controllerContext)
   在 System.Web.Mvc.ValueProviderFactoryCollection.<>c__DisplayClassc.<GetValueProvider>b__7(ValueProviderFactory factory)
   在 System.Linq.Enumerable.WhereSelectEnumerableIterator`2.MoveNext()
   在 System.Linq.Enumerable.WhereSelectEnumerableIterator`2.MoveNext()
   在 System.Collections.Generic.List`1..ctor(IEnumerable`1 collection)
   在 System.Linq.Enumerable.ToList[TSource](IEnumerable`1 source)
   在 System.Web.Mvc.ValueProviderFactoryCollection.GetValueProvider(ControllerContext controllerContext)
   在 System.Web.Mvc.ControllerBase.get_ValueProvider()
   在 System.Web.Mvc.ControllerActionInvoker.GetParameterValue(ControllerContext controllerContext, ParameterDescriptor parameterDescriptor)
   在 System.Web.Mvc.ControllerActionInvoker.GetParameterValues(ControllerContext controllerContext, ActionDescriptor actionDescriptor)
   在 System.Web.Mvc.Async.AsyncControllerActionInvoker.<>c__DisplayClass25.<BeginInvokeAction>b__1e(AsyncCallback asyncCallback, Object asyncState)
[2018-12-22 18:11:32,710][9][ERROR][System.Web.Mvc.ExceptionContext:77] - System.ArgumentException: 无效的 JSON 基元: model。
   在 System.Web.Script.Serialization.JavaScriptObjectDeserializer.DeserializePrimitiveObject()
   在 System.Web.Script.Serialization.JavaScriptObjectDeserializer.DeserializeInternal(Int32 depth)
   在 System.Web.Script.Serialization.JavaScriptObjectDeserializer.BasicDeserialize(String input, Int32 depthLimit, JavaScriptSerializer serializer)
   在 System.Web.Script.Serialization.JavaScriptSerializer.Deserialize(JavaScriptSerializer serializer, String input, Type type, Int32 depthLimit)
   在 System.Web.Script.Serialization.JavaScriptSerializer.DeserializeObject(String input)
   在 System.Web.Mvc.JsonValueProviderFactory.GetDeserializedObject(ControllerContext controllerContext)
   在 System.Web.Mvc.JsonValueProviderFactory.GetValueProvider(ControllerContext controllerContext)
   在 System.Web.Mvc.ValueProviderFactoryCollection.<>c__DisplayClassc.<GetValueProvider>b__7(ValueProviderFactory factory)
   在 System.Linq.Enumerable.WhereSelectEnumerableIterator`2.MoveNext()
   在 System.Linq.Enumerable.WhereSelectEnumerableIterator`2.MoveNext()
   在 System.Collections.Generic.List`1..ctor(IEnumerable`1 collection)
   在 System.Linq.Enumerable.ToList[TSource](IEnumerable`1 source)
   在 System.Web.Mvc.ValueProviderFactoryCollection.GetValueProvider(ControllerContext controllerContext)
   在 System.Web.Mvc.ControllerBase.get_ValueProvider()
   在 System.Web.Mvc.ControllerActionInvoker.GetParameterValue(ControllerContext controllerContext, ParameterDescriptor parameterDescriptor)
   在 System.Web.Mvc.ControllerActionInvoker.GetParameterValues(ControllerContext controllerContext, ActionDescriptor actionDescriptor)
   在 System.Web.Mvc.Async.AsyncControllerActionInvoker.<>c__DisplayClass25.<BeginInvokeAction>b__1e(AsyncCallback asyncCallback, Object asyncState)
[2018-12-22 18:16:04,526][14][ERROR][System.Web.Mvc.ExceptionContext:77] - System.ArgumentException: 无效的 JSON 基元: model。
   在 System.Web.Script.Serialization.JavaScriptObjectDeserializer.DeserializePrimitiveObject()
   在 System.Web.Script.Serialization.JavaScriptObjectDeserializer.DeserializeInternal(Int32 depth)
   在 System.Web.Script.Serialization.JavaScriptObjectDeserializer.BasicDeserialize(String input, Int32 depthLimit, JavaScriptSerializer serializer)
   在 System.Web.Script.Serialization.JavaScriptSerializer.Deserialize(JavaScriptSerializer serializer, String input, Type type, Int32 depthLimit)
   在 System.Web.Script.Serialization.JavaScriptSerializer.DeserializeObject(String input)
   在 System.Web.Mvc.JsonValueProviderFactory.GetDeserializedObject(ControllerContext controllerContext)
   在 System.Web.Mvc.JsonValueProviderFactory.GetValueProvider(ControllerContext controllerContext)
   在 System.Web.Mvc.ValueProviderFactoryCollection.<>c__DisplayClassc.<GetValueProvider>b__7(ValueProviderFactory factory)
   在 System.Linq.Enumerable.WhereSelectEnumerableIterator`2.MoveNext()
   在 System.Linq.Enumerable.WhereSelectEnumerableIterator`2.MoveNext()
   在 System.Collections.Generic.List`1..ctor(IEnumerable`1 collection)
   在 System.Linq.Enumerable.ToList[TSource](IEnumerable`1 source)
   在 System.Web.Mvc.ValueProviderFactoryCollection.GetValueProvider(ControllerContext controllerContext)
   在 System.Web.Mvc.ControllerBase.get_ValueProvider()
   在 System.Web.Mvc.ControllerActionInvoker.GetParameterValue(ControllerContext controllerContext, ParameterDescriptor parameterDescriptor)
   在 System.Web.Mvc.ControllerActionInvoker.GetParameterValues(ControllerContext controllerContext, ActionDescriptor actionDescriptor)
   在 System.Web.Mvc.Async.AsyncControllerActionInvoker.<>c__DisplayClass25.<BeginInvokeAction>b__1e(AsyncCallback asyncCallback, Object asyncState)
[2018-12-22 18:19:48,624][5][ERROR][System.Web.Mvc.ExceptionContext:77] - System.ArgumentException: 无效的 JSON 基元: model。
   在 System.Web.Script.Serialization.JavaScriptObjectDeserializer.DeserializePrimitiveObject()
   在 System.Web.Script.Serialization.JavaScriptObjectDeserializer.DeserializeInternal(Int32 depth)
   在 System.Web.Script.Serialization.JavaScriptObjectDeserializer.BasicDeserialize(String input, Int32 depthLimit, JavaScriptSerializer serializer)
   在 System.Web.Script.Serialization.JavaScriptSerializer.Deserialize(JavaScriptSerializer serializer, String input, Type type, Int32 depthLimit)
   在 System.Web.Script.Serialization.JavaScriptSerializer.DeserializeObject(String input)
   在 System.Web.Mvc.JsonValueProviderFactory.GetDeserializedObject(ControllerContext controllerContext)
   在 System.Web.Mvc.JsonValueProviderFactory.GetValueProvider(ControllerContext controllerContext)
   在 System.Web.Mvc.ValueProviderFactoryCollection.<>c__DisplayClassc.<GetValueProvider>b__7(ValueProviderFactory factory)
   在 System.Linq.Enumerable.WhereSelectEnumerableIterator`2.MoveNext()
   在 System.Linq.Enumerable.WhereSelectEnumerableIterator`2.MoveNext()
   在 System.Collections.Generic.List`1..ctor(IEnumerable`1 collection)
   在 System.Linq.Enumerable.ToList[TSource](IEnumerable`1 source)
   在 System.Web.Mvc.ValueProviderFactoryCollection.GetValueProvider(ControllerContext controllerContext)
   在 System.Web.Mvc.ControllerBase.get_ValueProvider()
   在 System.Web.Mvc.ControllerActionInvoker.GetParameterValue(ControllerContext controllerContext, ParameterDescriptor parameterDescriptor)
   在 System.Web.Mvc.ControllerActionInvoker.GetParameterValues(ControllerContext controllerContext, ActionDescriptor actionDescriptor)
   在 System.Web.Mvc.Async.AsyncControllerActionInvoker.<>c__DisplayClass25.<BeginInvokeAction>b__1e(AsyncCallback asyncCallback, Object asyncState)
[2018-12-22 18:20:59,465][5][ERROR][System.Web.Mvc.ExceptionContext:77] - System.ArgumentException: 无效的 JSON 基元: model。
   在 System.Web.Script.Serialization.JavaScriptObjectDeserializer.DeserializePrimitiveObject()
   在 System.Web.Script.Serialization.JavaScriptObjectDeserializer.DeserializeInternal(Int32 depth)
   在 System.Web.Script.Serialization.JavaScriptObjectDeserializer.BasicDeserialize(String input, Int32 depthLimit, JavaScriptSerializer serializer)
   在 System.Web.Script.Serialization.JavaScriptSerializer.Deserialize(JavaScriptSerializer serializer, String input, Type type, Int32 depthLimit)
   在 System.Web.Script.Serialization.JavaScriptSerializer.DeserializeObject(String input)
   在 System.Web.Mvc.JsonValueProviderFactory.GetDeserializedObject(ControllerContext controllerContext)
   在 System.Web.Mvc.JsonValueProviderFactory.GetValueProvider(ControllerContext controllerContext)
   在 System.Web.Mvc.ValueProviderFactoryCollection.<>c__DisplayClassc.<GetValueProvider>b__7(ValueProviderFactory factory)
   在 System.Linq.Enumerable.WhereSelectEnumerableIterator`2.MoveNext()
   在 System.Linq.Enumerable.WhereSelectEnumerableIterator`2.MoveNext()
   在 System.Collections.Generic.List`1..ctor(IEnumerable`1 collection)
   在 System.Linq.Enumerable.ToList[TSource](IEnumerable`1 source)
   在 System.Web.Mvc.ValueProviderFactoryCollection.GetValueProvider(ControllerContext controllerContext)
   在 System.Web.Mvc.ControllerBase.get_ValueProvider()
   在 System.Web.Mvc.ControllerActionInvoker.GetParameterValue(ControllerContext controllerContext, ParameterDescriptor parameterDescriptor)
   在 System.Web.Mvc.ControllerActionInvoker.GetParameterValues(ControllerContext controllerContext, ActionDescriptor actionDescriptor)
   在 System.Web.Mvc.Async.AsyncControllerActionInvoker.<>c__DisplayClass25.<BeginInvokeAction>b__1e(AsyncCallback asyncCallback, Object asyncState)
[2018-12-22 18:21:43,414][7][ERROR][System.Web.Mvc.ExceptionContext:77] - System.ArgumentException: 无效的 JSON 基元: model。
   在 System.Web.Script.Serialization.JavaScriptObjectDeserializer.DeserializePrimitiveObject()
   在 System.Web.Script.Serialization.JavaScriptObjectDeserializer.DeserializeInternal(Int32 depth)
   在 System.Web.Script.Serialization.JavaScriptObjectDeserializer.BasicDeserialize(String input, Int32 depthLimit, JavaScriptSerializer serializer)
   在 System.Web.Script.Serialization.JavaScriptSerializer.Deserialize(JavaScriptSerializer serializer, String input, Type type, Int32 depthLimit)
   在 System.Web.Script.Serialization.JavaScriptSerializer.DeserializeObject(String input)
   在 System.Web.Mvc.JsonValueProviderFactory.GetDeserializedObject(ControllerContext controllerContext)
   在 System.Web.Mvc.JsonValueProviderFactory.GetValueProvider(ControllerContext controllerContext)
   在 System.Web.Mvc.ValueProviderFactoryCollection.<>c__DisplayClassc.<GetValueProvider>b__7(ValueProviderFactory factory)
   在 System.Linq.Enumerable.WhereSelectEnumerableIterator`2.MoveNext()
   在 System.Linq.Enumerable.WhereSelectEnumerableIterator`2.MoveNext()
   在 System.Collections.Generic.List`1..ctor(IEnumerable`1 collection)
   在 System.Linq.Enumerable.ToList[TSource](IEnumerable`1 source)
   在 System.Web.Mvc.ValueProviderFactoryCollection.GetValueProvider(ControllerContext controllerContext)
   在 System.Web.Mvc.ControllerBase.get_ValueProvider()
   在 System.Web.Mvc.ControllerActionInvoker.GetParameterValue(ControllerContext controllerContext, ParameterDescriptor parameterDescriptor)
   在 System.Web.Mvc.ControllerActionInvoker.GetParameterValues(ControllerContext controllerContext, ActionDescriptor actionDescriptor)
   在 System.Web.Mvc.Async.AsyncControllerActionInvoker.<>c__DisplayClass25.<BeginInvokeAction>b__1e(AsyncCallback asyncCallback, Object asyncState)
[2018-12-22 18:23:24,597][9][ERROR][System.Web.Mvc.ExceptionContext:77] - System.ArgumentException: 无效的 JSON 基元: model。
   在 System.Web.Script.Serialization.JavaScriptObjectDeserializer.DeserializePrimitiveObject()
   在 System.Web.Script.Serialization.JavaScriptObjectDeserializer.DeserializeInternal(Int32 depth)
   在 System.Web.Script.Serialization.JavaScriptObjectDeserializer.BasicDeserialize(String input, Int32 depthLimit, JavaScriptSerializer serializer)
   在 System.Web.Script.Serialization.JavaScriptSerializer.Deserialize(JavaScriptSerializer serializer, String input, Type type, Int32 depthLimit)
   在 System.Web.Script.Serialization.JavaScriptSerializer.DeserializeObject(String input)
   在 System.Web.Mvc.JsonValueProviderFactory.GetDeserializedObject(ControllerContext controllerContext)
   在 System.Web.Mvc.JsonValueProviderFactory.GetValueProvider(ControllerContext controllerContext)
   在 System.Web.Mvc.ValueProviderFactoryCollection.<>c__DisplayClassc.<GetValueProvider>b__7(ValueProviderFactory factory)
   在 System.Linq.Enumerable.WhereSelectEnumerableIterator`2.MoveNext()
   在 System.Linq.Enumerable.WhereSelectEnumerableIterator`2.MoveNext()
   在 System.Collections.Generic.List`1..ctor(IEnumerable`1 collection)
   在 System.Linq.Enumerable.ToList[TSource](IEnumerable`1 source)
   在 System.Web.Mvc.ValueProviderFactoryCollection.GetValueProvider(ControllerContext controllerContext)
   在 System.Web.Mvc.ControllerBase.get_ValueProvider()
   在 System.Web.Mvc.ControllerActionInvoker.GetParameterValue(ControllerContext controllerContext, ParameterDescriptor parameterDescriptor)
   在 System.Web.Mvc.ControllerActionInvoker.GetParameterValues(ControllerContext controllerContext, ActionDescriptor actionDescriptor)
   在 System.Web.Mvc.Async.AsyncControllerActionInvoker.<>c__DisplayClass25.<BeginInvokeAction>b__1e(AsyncCallback asyncCallback, Object asyncState)
[2018-12-22 18:27:12,793][11][ERROR][System.Web.Mvc.ExceptionContext:77] - System.ArgumentException: 无效的 JSON 基元: model。
   在 System.Web.Script.Serialization.JavaScriptObjectDeserializer.DeserializePrimitiveObject()
   在 System.Web.Script.Serialization.JavaScriptObjectDeserializer.DeserializeInternal(Int32 depth)
   在 System.Web.Script.Serialization.JavaScriptObjectDeserializer.BasicDeserialize(String input, Int32 depthLimit, JavaScriptSerializer serializer)
   在 System.Web.Script.Serialization.JavaScriptSerializer.Deserialize(JavaScriptSerializer serializer, String input, Type type, Int32 depthLimit)
   在 System.Web.Script.Serialization.JavaScriptSerializer.DeserializeObject(String input)
   在 System.Web.Mvc.JsonValueProviderFactory.GetDeserializedObject(ControllerContext controllerContext)
   在 System.Web.Mvc.JsonValueProviderFactory.GetValueProvider(ControllerContext controllerContext)
   在 System.Web.Mvc.ValueProviderFactoryCollection.<>c__DisplayClassc.<GetValueProvider>b__7(ValueProviderFactory factory)
   在 System.Linq.Enumerable.WhereSelectEnumerableIterator`2.MoveNext()
   在 System.Linq.Enumerable.WhereSelectEnumerableIterator`2.MoveNext()
   在 System.Collections.Generic.List`1..ctor(IEnumerable`1 collection)
   在 System.Linq.Enumerable.ToList[TSource](IEnumerable`1 source)
   在 System.Web.Mvc.ValueProviderFactoryCollection.GetValueProvider(ControllerContext controllerContext)
   在 System.Web.Mvc.ControllerBase.get_ValueProvider()
   在 System.Web.Mvc.ControllerActionInvoker.GetParameterValue(ControllerContext controllerContext, ParameterDescriptor parameterDescriptor)
   在 System.Web.Mvc.ControllerActionInvoker.GetParameterValues(ControllerContext controllerContext, ActionDescriptor actionDescriptor)
   在 System.Web.Mvc.Async.AsyncControllerActionInvoker.<>c__DisplayClass25.<BeginInvokeAction>b__1e(AsyncCallback asyncCallback, Object asyncState)
[2018-12-22 18:29:56,111][9][ERROR][System.Web.Mvc.ExceptionContext:77] - System.ArgumentException: 无效的 JSON 基元: model。
   在 System.Web.Script.Serialization.JavaScriptObjectDeserializer.DeserializePrimitiveObject()
   在 System.Web.Script.Serialization.JavaScriptObjectDeserializer.DeserializeInternal(Int32 depth)
   在 System.Web.Script.Serialization.JavaScriptObjectDeserializer.BasicDeserialize(String input, Int32 depthLimit, JavaScriptSerializer serializer)
   在 System.Web.Script.Serialization.JavaScriptSerializer.Deserialize(JavaScriptSerializer serializer, String input, Type type, Int32 depthLimit)
   在 System.Web.Script.Serialization.JavaScriptSerializer.DeserializeObject(String input)
   在 System.Web.Mvc.JsonValueProviderFactory.GetDeserializedObject(ControllerContext controllerContext)
   在 System.Web.Mvc.JsonValueProviderFactory.GetValueProvider(ControllerContext controllerContext)
   在 System.Web.Mvc.ValueProviderFactoryCollection.<>c__DisplayClassc.<GetValueProvider>b__7(ValueProviderFactory factory)
   在 System.Linq.Enumerable.WhereSelectEnumerableIterator`2.MoveNext()
   在 System.Linq.Enumerable.WhereSelectEnumerableIterator`2.MoveNext()
   在 System.Collections.Generic.List`1..ctor(IEnumerable`1 collection)
   在 System.Linq.Enumerable.ToList[TSource](IEnumerable`1 source)
   在 System.Web.Mvc.ValueProviderFactoryCollection.GetValueProvider(ControllerContext controllerContext)
   在 System.Web.Mvc.ControllerBase.get_ValueProvider()
   在 System.Web.Mvc.ControllerActionInvoker.GetParameterValue(ControllerContext controllerContext, ParameterDescriptor parameterDescriptor)
   在 System.Web.Mvc.ControllerActionInvoker.GetParameterValues(ControllerContext controllerContext, ActionDescriptor actionDescriptor)
   在 System.Web.Mvc.Async.AsyncControllerActionInvoker.<>c__DisplayClass25.<BeginInvokeAction>b__1e(AsyncCallback asyncCallback, Object asyncState)
[2018-12-22 18:34:17,416][7][ERROR][System.Web.Mvc.ExceptionContext:77] - System.ArgumentException: 无效的 JSON 基元: model。
   在 System.Web.Script.Serialization.JavaScriptObjectDeserializer.DeserializePrimitiveObject()
   在 System.Web.Script.Serialization.JavaScriptObjectDeserializer.DeserializeInternal(Int32 depth)
   在 System.Web.Script.Serialization.JavaScriptObjectDeserializer.BasicDeserialize(String input, Int32 depthLimit, JavaScriptSerializer serializer)
   在 System.Web.Script.Serialization.JavaScriptSerializer.Deserialize(JavaScriptSerializer serializer, String input, Type type, Int32 depthLimit)
   在 System.Web.Script.Serialization.JavaScriptSerializer.DeserializeObject(String input)
   在 System.Web.Mvc.JsonValueProviderFactory.GetDeserializedObject(ControllerContext controllerContext)
   在 System.Web.Mvc.JsonValueProviderFactory.GetValueProvider(ControllerContext controllerContext)
   在 System.Web.Mvc.ValueProviderFactoryCollection.<>c__DisplayClassc.<GetValueProvider>b__7(ValueProviderFactory factory)
   在 System.Linq.Enumerable.WhereSelectEnumerableIterator`2.MoveNext()
   在 System.Linq.Enumerable.WhereSelectEnumerableIterator`2.MoveNext()
   在 System.Collections.Generic.List`1..ctor(IEnumerable`1 collection)
   在 System.Linq.Enumerable.ToList[TSource](IEnumerable`1 source)
   在 System.Web.Mvc.ValueProviderFactoryCollection.GetValueProvider(ControllerContext controllerContext)
   在 System.Web.Mvc.ControllerBase.get_ValueProvider()
   在 System.Web.Mvc.ControllerActionInvoker.GetParameterValue(ControllerContext controllerContext, ParameterDescriptor parameterDescriptor)
   在 System.Web.Mvc.ControllerActionInvoker.GetParameterValues(ControllerContext controllerContext, ActionDescriptor actionDescriptor)
   在 System.Web.Mvc.Async.AsyncControllerActionInvoker.<>c__DisplayClass25.<BeginInvokeAction>b__1e(AsyncCallback asyncCallback, Object asyncState)
[2018-12-22 18:38:26,308][5][ERROR][System.Web.Mvc.ExceptionContext:77] - System.ArgumentException: 无效的 JSON 基元: model。
   在 System.Web.Script.Serialization.JavaScriptObjectDeserializer.DeserializePrimitiveObject()
   在 System.Web.Script.Serialization.JavaScriptObjectDeserializer.DeserializeInternal(Int32 depth)
   在 System.Web.Script.Serialization.JavaScriptObjectDeserializer.BasicDeserialize(String input, Int32 depthLimit, JavaScriptSerializer serializer)
   在 System.Web.Script.Serialization.JavaScriptSerializer.Deserialize(JavaScriptSerializer serializer, String input, Type type, Int32 depthLimit)
   在 System.Web.Script.Serialization.JavaScriptSerializer.DeserializeObject(String input)
   在 System.Web.Mvc.JsonValueProviderFactory.GetDeserializedObject(ControllerContext controllerContext)
   在 System.Web.Mvc.JsonValueProviderFactory.GetValueProvider(ControllerContext controllerContext)
   在 System.Web.Mvc.ValueProviderFactoryCollection.<>c__DisplayClassc.<GetValueProvider>b__7(ValueProviderFactory factory)
   在 System.Linq.Enumerable.WhereSelectEnumerableIterator`2.MoveNext()
   在 System.Linq.Enumerable.WhereSelectEnumerableIterator`2.MoveNext()
   在 System.Collections.Generic.List`1..ctor(IEnumerable`1 collection)
   在 System.Linq.Enumerable.ToList[TSource](IEnumerable`1 source)
   在 System.Web.Mvc.ValueProviderFactoryCollection.GetValueProvider(ControllerContext controllerContext)
   在 System.Web.Mvc.ControllerBase.get_ValueProvider()
   在 System.Web.Mvc.ControllerActionInvoker.GetParameterValue(ControllerContext controllerContext, ParameterDescriptor parameterDescriptor)
   在 System.Web.Mvc.ControllerActionInvoker.GetParameterValues(ControllerContext controllerContext, ActionDescriptor actionDescriptor)
   在 System.Web.Mvc.Async.AsyncControllerActionInvoker.<>c__DisplayClass25.<BeginInvokeAction>b__1e(AsyncCallback asyncCallback, Object asyncState)
[2018-12-22 18:44:00,253][10][ERROR][System.Web.Mvc.ExceptionContext:77] - System.ArgumentException: 无效的 JSON 基元: model。
   在 System.Web.Script.Serialization.JavaScriptObjectDeserializer.DeserializePrimitiveObject()
   在 System.Web.Script.Serialization.JavaScriptObjectDeserializer.DeserializeInternal(Int32 depth)
   在 System.Web.Script.Serialization.JavaScriptObjectDeserializer.BasicDeserialize(String input, Int32 depthLimit, JavaScriptSerializer serializer)
   在 System.Web.Script.Serialization.JavaScriptSerializer.Deserialize(JavaScriptSerializer serializer, String input, Type type, Int32 depthLimit)
   在 System.Web.Script.Serialization.JavaScriptSerializer.DeserializeObject(String input)
   在 System.Web.Mvc.JsonValueProviderFactory.GetDeserializedObject(ControllerContext controllerContext)
   在 System.Web.Mvc.JsonValueProviderFactory.GetValueProvider(ControllerContext controllerContext)
   在 System.Web.Mvc.ValueProviderFactoryCollection.<>c__DisplayClassc.<GetValueProvider>b__7(ValueProviderFactory factory)
   在 System.Linq.Enumerable.WhereSelectEnumerableIterator`2.MoveNext()
   在 System.Linq.Enumerable.WhereSelectEnumerableIterator`2.MoveNext()
   在 System.Collections.Generic.List`1..ctor(IEnumerable`1 collection)
   在 System.Linq.Enumerable.ToList[TSource](IEnumerable`1 source)
   在 System.Web.Mvc.ValueProviderFactoryCollection.GetValueProvider(ControllerContext controllerContext)
   在 System.Web.Mvc.ControllerBase.get_ValueProvider()
   在 System.Web.Mvc.ControllerActionInvoker.GetParameterValue(ControllerContext controllerContext, ParameterDescriptor parameterDescriptor)
   在 System.Web.Mvc.ControllerActionInvoker.GetParameterValues(ControllerContext controllerContext, ActionDescriptor actionDescriptor)
   在 System.Web.Mvc.Async.AsyncControllerActionInvoker.<>c__DisplayClass25.<BeginInvokeAction>b__1e(AsyncCallback asyncCallback, Object asyncState)
[2018-12-22 18:50:51,240][12][ERROR][System.Web.Mvc.ExceptionContext:77] - System.ArgumentException: 无效的 JSON 基元: model。
   在 System.Web.Script.Serialization.JavaScriptObjectDeserializer.DeserializePrimitiveObject()
   在 System.Web.Script.Serialization.JavaScriptObjectDeserializer.DeserializeInternal(Int32 depth)
   在 System.Web.Script.Serialization.JavaScriptObjectDeserializer.BasicDeserialize(String input, Int32 depthLimit, JavaScriptSerializer serializer)
   在 System.Web.Script.Serialization.JavaScriptSerializer.Deserialize(JavaScriptSerializer serializer, String input, Type type, Int32 depthLimit)
   在 System.Web.Script.Serialization.JavaScriptSerializer.DeserializeObject(String input)
   在 System.Web.Mvc.JsonValueProviderFactory.GetDeserializedObject(ControllerContext controllerContext)
   在 System.Web.Mvc.JsonValueProviderFactory.GetValueProvider(ControllerContext controllerContext)
   在 System.Web.Mvc.ValueProviderFactoryCollection.<>c__DisplayClassc.<GetValueProvider>b__7(ValueProviderFactory factory)
   在 System.Linq.Enumerable.WhereSelectEnumerableIterator`2.MoveNext()
   在 System.Linq.Enumerable.WhereSelectEnumerableIterator`2.MoveNext()
   在 System.Collections.Generic.List`1..ctor(IEnumerable`1 collection)
   在 System.Linq.Enumerable.ToList[TSource](IEnumerable`1 source)
   在 System.Web.Mvc.ValueProviderFactoryCollection.GetValueProvider(ControllerContext controllerContext)
   在 System.Web.Mvc.ControllerBase.get_ValueProvider()
   在 System.Web.Mvc.ControllerActionInvoker.GetParameterValue(ControllerContext controllerContext, ParameterDescriptor parameterDescriptor)
   在 System.Web.Mvc.ControllerActionInvoker.GetParameterValues(ControllerContext controllerContext, ActionDescriptor actionDescriptor)
   在 System.Web.Mvc.Async.AsyncControllerActionInvoker.<>c__DisplayClass25.<BeginInvokeAction>b__1e(AsyncCallback asyncCallback, Object asyncState)
[2018-12-22 18:55:52,838][12][ERROR][System.Web.Mvc.ExceptionContext:77] - System.ArgumentException: 无效的 JSON 基元: model。
   在 System.Web.Script.Serialization.JavaScriptObjectDeserializer.DeserializePrimitiveObject()
   在 System.Web.Script.Serialization.JavaScriptObjectDeserializer.DeserializeInternal(Int32 depth)
   在 System.Web.Script.Serialization.JavaScriptObjectDeserializer.BasicDeserialize(String input, Int32 depthLimit, JavaScriptSerializer serializer)
   在 System.Web.Script.Serialization.JavaScriptSerializer.Deserialize(JavaScriptSerializer serializer, String input, Type type, Int32 depthLimit)
   在 System.Web.Script.Serialization.JavaScriptSerializer.DeserializeObject(String input)
   在 System.Web.Mvc.JsonValueProviderFactory.GetDeserializedObject(ControllerContext controllerContext)
   在 System.Web.Mvc.JsonValueProviderFactory.GetValueProvider(ControllerContext controllerContext)
   在 System.Web.Mvc.ValueProviderFactoryCollection.<>c__DisplayClassc.<GetValueProvider>b__7(ValueProviderFactory factory)
   在 System.Linq.Enumerable.WhereSelectEnumerableIterator`2.MoveNext()
   在 System.Linq.Enumerable.WhereSelectEnumerableIterator`2.MoveNext()
   在 System.Collections.Generic.List`1..ctor(IEnumerable`1 collection)
   在 System.Linq.Enumerable.ToList[TSource](IEnumerable`1 source)
   在 System.Web.Mvc.ValueProviderFactoryCollection.GetValueProvider(ControllerContext controllerContext)
   在 System.Web.Mvc.ControllerBase.get_ValueProvider()
   在 System.Web.Mvc.ControllerActionInvoker.GetParameterValue(ControllerContext controllerContext, ParameterDescriptor parameterDescriptor)
   在 System.Web.Mvc.ControllerActionInvoker.GetParameterValues(ControllerContext controllerContext, ActionDescriptor actionDescriptor)
   在 System.Web.Mvc.Async.AsyncControllerActionInvoker.<>c__DisplayClass25.<BeginInvokeAction>b__1e(AsyncCallback asyncCallback, Object asyncState)
